# JRE version: Java(TM) SE Runtime Environment (20.0.1+9) (build 20.0.1+9-29)
# Java VM: Java HotSpot(TM) 64-Bit Server VM (20.0.1+9-29, mixed mode, sharing, tiered, compressed oops, compressed class ptrs, g1 gc, windows-amd64)
GC Precious Log:
 CardTable entry size: 512
 Card Set container configuration: InlinePtr #cards 4 size 8 Array Of Cards #cards 16 size 48 Howl #buckets 8 coarsen threshold 3686 Howl Bitmap #cards 512 size 80 coarsen threshold 460 Card regions per heap region 1 cards per card region 4096
 CPUs: 8 total, 8 available
 Memory: 16133M
 Large Page Support: Disabled
 NUMA Support: Disabled
 Compressed Oops: Enabled (Zero based)
 Heap Region Size: 2M
 Heap Min Capacity: 8M
 Heap Initial Capacity: 254M
 Heap Max Capacity: 4034M
 Pre-touch: Disabled
 Parallel Workers: 8
 Concurrent Workers: 2
 Concurrent Refinement Workers: 8
 Periodic GC: Disabled
Heap:
 garbage-first heap   total 69632K, used 35329K [0x0000000703e00000, 0x0000000800000000)
  region size 2048K, 8 young (16384K), 2 survivors (4096K)
 Metaspace       used 62321K, committed 63040K, reserved 1114112K
  class space    used 8391K, committed 8704K, reserved 1048576K
GC Heap History (18 events):
Event: 0.877 GC heap before
{Heap before GC invocations=0 (full 0):
 garbage-first heap   total 260096K, used 20480K [0x0000000703e00000, 0x0000000800000000)
  region size 2048K, 11 young (22528K), 0 survivors (0K)
 Metaspace       used 5921K, committed 6144K, reserved 1114112K
  class space    used 662K, committed 768K, reserved 1048576K
}
Event: 0.881 GC heap after
{Heap after GC invocations=1 (full 0):
 garbage-first heap   total 260096K, used 7579K [0x0000000703e00000, 0x0000000800000000)
  region size 2048K, 2 young (4096K), 2 survivors (4096K)
 Metaspace       used 5921K, committed 6144K, reserved 1114112K
  class space    used 662K, committed 768K, reserved 1048576K
}
Event: 1.404 GC heap before
{Heap before GC invocations=1 (full 0):
 garbage-first heap   total 260096K, used 32155K [0x0000000703e00000, 0x0000000800000000)
  region size 2048K, 14 young (28672K), 2 survivors (4096K)
 Metaspace       used 11960K, committed 12288K, reserved 1114112K
  class space    used 1520K, committed 1664K, reserved 1048576K
}
Event: 1.409 GC heap after
{Heap after GC invocations=2 (full 0):
 garbage-first heap   total 260096K, used 9550K [0x0000000703e00000, 0x0000000800000000)
  region size 2048K, 2 young (4096K), 2 survivors (4096K)
 Metaspace       used 11960K, committed 12288K, reserved 1114112K
  class space    used 1520K, committed 1664K, reserved 1048576K
}
Event: 1.996 GC heap before
{Heap before GC invocations=2 (full 0):
 garbage-first heap   total 260096K, used 52558K [0x0000000703e00000, 0x0000000800000000)
  region size 2048K, 24 young (49152K), 2 survivors (4096K)
 Metaspace       used 21233K, committed 21504K, reserved 1114112K
  class space    used 2657K, committed 2752K, reserved 1048576K
}
Event: 2.001 GC heap after
{Heap after GC invocations=3 (full 0):
 garbage-first heap   total 260096K, used 13621K [0x0000000703e00000, 0x0000000800000000)
  region size 2048K, 4 young (8192K), 4 survivors (8192K)
 Metaspace       used 21233K, committed 21504K, reserved 1114112K
  class space    used 2657K, committed 2752K, reserved 1048576K
}
Event: 2.742 GC heap before
{Heap before GC invocations=4 (full 0):
 garbage-first heap   total 69632K, used 46389K [0x0000000703e00000, 0x0000000800000000)
  region size 2048K, 20 young (40960K), 4 survivors (8192K)
 Metaspace       used 25637K, committed 25984K, reserved 1114112K
  class space    used 3214K, committed 3392K, reserved 1048576K
}
Event: 2.749 GC heap after
{Heap after GC invocations=5 (full 0):
 garbage-first heap   total 69632K, used 16040K [0x0000000703e00000, 0x0000000800000000)
  region size 2048K, 2 young (4096K), 2 survivors (4096K)
 Metaspace       used 25637K, committed 25984K, reserved 1114112K
  class space    used 3214K, committed 3392K, reserved 1048576K
}
Event: 3.650 GC heap before
{Heap before GC invocations=5 (full 0):
 garbage-first heap   total 69632K, used 48808K [0x0000000703e00000, 0x0000000800000000)
  region size 2048K, 18 young (36864K), 2 survivors (4096K)
 Metaspace       used 32304K, committed 32896K, reserved 1114112K
  class space    used 4090K, committed 4352K, reserved 1048576K
}
Event: 3.657 GC heap after
{Heap after GC invocations=6 (full 0):
 garbage-first heap   total 69632K, used 19342K [0x0000000703e00000, 0x0000000800000000)
  region size 2048K, 3 young (6144K), 3 survivors (6144K)
 Metaspace       used 32304K, committed 32896K, reserved 1114112K
  class space    used 4090K, committed 4352K, reserved 1048576K
}
Event: 4.043 GC heap before
{Heap before GC invocations=6 (full 0):
 garbage-first heap   total 69632K, used 33678K [0x0000000703e00000, 0x0000000800000000)
  region size 2048K, 12 young (24576K), 3 survivors (6144K)
 Metaspace       used 35906K, committed 36416K, reserved 1114112K
  class space    used 4513K, committed 4736K, reserved 1048576K
}
Event: 4.050 GC heap after
{Heap after GC invocations=7 (full 0):
 garbage-first heap   total 69632K, used 20917K [0x0000000703e00000, 0x0000000800000000)
  region size 2048K, 1 young (2048K), 1 survivors (2048K)
 Metaspace       used 35906K, committed 36416K, reserved 1114112K
  class space    used 4513K, committed 4736K, reserved 1048576K
}
Event: 4.881 GC heap before
{Heap before GC invocations=8 (full 0):
 garbage-first heap   total 69632K, used 51637K [0x0000000703e00000, 0x0000000800000000)
  region size 2048K, 17 young (34816K), 1 survivors (2048K)
 Metaspace       used 44750K, committed 45248K, reserved 1114112K
  class space    used 5807K, committed 6016K, reserved 1048576K
}
Event: 4.884 GC heap after
{Heap after GC invocations=9 (full 0):
 garbage-first heap   total 69632K, used 22335K [0x0000000703e00000, 0x0000000800000000)
  region size 2048K, 2 young (4096K), 2 survivors (4096K)
 Metaspace       used 44750K, committed 45248K, reserved 1114112K
  class space    used 5807K, committed 6016K, reserved 1048576K
}
Event: 5.738 GC heap before
{Heap before GC invocations=9 (full 0):
 garbage-first heap   total 69632K, used 55103K [0x0000000703e00000, 0x0000000800000000)
  region size 2048K, 18 young (36864K), 2 survivors (4096K)
 Metaspace       used 54987K, committed 55616K, reserved 1114112K
  class space    used 7251K, committed 7552K, reserved 1048576K
}
Event: 5.746 GC heap after
{Heap after GC invocations=10 (full 0):
 garbage-first heap   total 69632K, used 23531K [0x0000000703e00000, 0x0000000800000000)
  region size 2048K, 2 young (4096K), 2 survivors (4096K)
 Metaspace       used 54987K, committed 55616K, reserved 1114112K
  class space    used 7251K, committed 7552K, reserved 1048576K
}
Event: 6.193 GC heap before
{Heap before GC invocations=10 (full 0):
 garbage-first heap   total 69632K, used 41963K [0x0000000703e00000, 0x0000000800000000)
  region size 2048K, 13 young (26624K), 2 survivors (4096K)
 Metaspace       used 60458K, committed 61120K, reserved 1114112K
  class space    used 8132K, committed 8448K, reserved 1048576K
}
Event: 6.198 GC heap after
{Heap after GC invocations=11 (full 0):
 garbage-first heap   total 69632K, used 25089K [0x0000000703e00000, 0x0000000800000000)
  region size 2048K, 2 young (4096K), 2 survivors (4096K)
 Metaspace       used 60458K, committed 61120K, reserved 1114112K
  class space    used 8132K, committed 8448K, reserved 1048576K
}

